TN:
SF:src/index.js
FN:6,ReadJSON
FN:16,genDiff
FNF:2
FNH:2
FNDA:4,ReadJSON
FNDA:2,genDiff
DA:1,1
DA:2,1
DA:3,1
DA:4,1
DA:5,1
DA:6,1
DA:7,4
DA:8,4
DA:9,4
DA:10,0
DA:11,0
DA:12,4
DA:13,4
DA:14,4
DA:15,1
DA:16,1
DA:17,2
DA:18,2
DA:19,2
DA:20,2
DA:21,2
DA:22,2
DA:23,2
DA:24,2
DA:25,2
DA:26,2
DA:27,2
DA:28,2
DA:29,2
DA:30,2
DA:31,6
DA:32,6
DA:33,12
DA:34,12
DA:35,12
DA:36,6
DA:37,2
DA:38,2
DA:39,2
DA:40,2
DA:41,2
DA:42,2
DA:43,2
DA:44,1
LF:44
LH:42
BRDA:6,0,0,4
BRDA:9,1,0,0
BRDA:16,2,0,2
BRDA:20,3,0,4
BRDA:20,4,0,14
BRDA:30,5,0,6
BRDA:32,6,0,12
BRDA:39,7,0,12
BRDA:40,8,0,12
BRF:9
BRH:8
end_of_record
